0 info it worked if it ends with ok
1 verbose cli [ '/Users/Sam/.nvm/versions/node/v6.7.0/bin/node',
1 verbose cli   '/Users/Sam/.nvm/versions/node/v6.7.0/bin/npm',
1 verbose cli   'start' ]
2 info using npm@3.10.8
3 info using node@v6.7.0
4 verbose run-script [ 'prestart', 'start', 'poststart' ]
5 info lifecycle @samelie/chewb@0.1.0~prestart: @samelie/chewb@0.1.0
6 silly lifecycle @samelie/chewb@0.1.0~prestart: no script for prestart, continuing
7 info lifecycle @samelie/chewb@0.1.0~start: @samelie/chewb@0.1.0
8 verbose lifecycle @samelie/chewb@0.1.0~start: unsafe-perm in lifecycle true
9 verbose lifecycle @samelie/chewb@0.1.0~start: PATH: /Users/Sam/.nvm/versions/node/v6.7.0/lib/node_modules/npm/bin/node-gyp-bin:/Volumes/Fatboy/Npm/chewb/node_modules/.bin:/Users/Sam/Downloads/google-cloud-sdk/bin:/usr/local/bin:/usr/local/sbin:/Users/Sam/.npm-global/bin:/Users/Sam/.nvm/versions/node/v6.7.0/bin:/usr/local/bin:/usr/local/sbin:/Users/Sam/.npm-global/bin:/usr/local/bin:/Users/Sam/.rvm/bin:/usr/bin:/bin:/usr/sbin:/sbin:/usr/local/bin:/opt/X11/bin
10 verbose lifecycle @samelie/chewb@0.1.0~start: CWD: /Volumes/Fatboy/Npm/chewb
11 silly lifecycle @samelie/chewb@0.1.0~start: Args: [ '-c', 'node main.js' ]
12 silly lifecycle @samelie/chewb@0.1.0~start: Returned: code: 1  signal: null
13 info lifecycle @samelie/chewb@0.1.0~start: Failed to exec start script
14 verbose stack Error: @samelie/chewb@0.1.0 start: `node main.js`
14 verbose stack Exit status 1
14 verbose stack     at EventEmitter.<anonymous> (/Users/Sam/.nvm/versions/node/v6.7.0/lib/node_modules/npm/lib/utils/lifecycle.js:255:16)
14 verbose stack     at emitTwo (events.js:106:13)
14 verbose stack     at EventEmitter.emit (events.js:191:7)
14 verbose stack     at ChildProcess.<anonymous> (/Users/Sam/.nvm/versions/node/v6.7.0/lib/node_modules/npm/lib/utils/spawn.js:40:14)
14 verbose stack     at emitTwo (events.js:106:13)
14 verbose stack     at ChildProcess.emit (events.js:191:7)
14 verbose stack     at maybeClose (internal/child_process.js:877:16)
14 verbose stack     at Process.ChildProcess._handle.onexit (internal/child_process.js:226:5)
15 verbose pkgid @samelie/chewb@0.1.0
16 verbose cwd /Volumes/Fatboy/Npm/chewb
17 error Darwin 13.4.0
18 error argv "/Users/Sam/.nvm/versions/node/v6.7.0/bin/node" "/Users/Sam/.nvm/versions/node/v6.7.0/bin/npm" "start"
19 error node v6.7.0
20 error npm  v3.10.8
21 error code ELIFECYCLE
22 error @samelie/chewb@0.1.0 start: `node main.js`
22 error Exit status 1
23 error Failed at the @samelie/chewb@0.1.0 start script 'node main.js'.
23 error Make sure you have the latest version of node.js and npm installed.
23 error If you do, this is most likely a problem with the @samelie/chewb package,
23 error not with npm itself.
23 error Tell the author that this fails on your system:
23 error     node main.js
23 error You can get information on how to open an issue for this project with:
23 error     npm bugs @samelie/chewb
23 error Or if that isn't available, you can get their info via:
23 error     npm owner ls @samelie/chewb
23 error There is likely additional logging output above.
24 verbose exit [ 1, true ]
